C:\WORK\ELTE\TDK\RED.CUDA\SRC\RED.CUDA.INITIAL\X64\DEBUG\DISTRIBUTION.OBJ
C:\WORK\ELTE\TDK\RED.CUDA\SRC\RED.CUDA.INITIAL\X64\DEBUG\NEBULA.OBJ
C:\WORK\ELTE\TDK\RED.CUDA\SRC\RED.CUDA.INITIAL\X64\DEBUG\RED.CUDA.INITIAL.EXE.INTERMEDIATE.MANIFEST
C:\WORK\ELTE\TDK\RED.CUDA\SRC\RED.CUDA.INITIAL\X64\DEBUG\UTIL_INIT.OBJ
C:\WORK\ELTE\TDK\RED.CUDA\SRC\RED.CUDA.INITIAL\X64\DEBUG\VC100.PDB
C:\WORK\ELTE\TDK\RED.CUDA\X64\DEBUG\RED.CUDA.INITIAL.EXE
C:\WORK\ELTE\TDK\RED.CUDA\X64\DEBUG\RED.CUDA.INITIAL.PDB
D:\Work\ELTE\TDK\red.cuda\src\red.cuda.initial\x64\Debug\cl.command.1.tlog
D:\Work\ELTE\TDK\red.cuda\src\red.cuda.initial\x64\Debug\CL.read.1.tlog
D:\Work\ELTE\TDK\red.cuda\src\red.cuda.initial\x64\Debug\CL.write.1.tlog
D:\WORK\ELTE\TDK\RED.CUDA\SRC\RED.CUDA.INITIAL\X64\DEBUG\DISTRIBUTION.OBJ
D:\Work\ELTE\TDK\red.cuda\src\red.cuda.initial\x64\Debug\link.command.1.tlog
D:\Work\ELTE\TDK\red.cuda\src\red.cuda.initial\x64\Debug\link.read.1.tlog
D:\Work\ELTE\TDK\red.cuda\src\red.cuda.initial\x64\Debug\link.write.1.tlog
D:\Work\ELTE\TDK\red.cuda\src\red.cuda.initial\x64\Debug\main.cu.cache
D:\Work\ELTE\TDK\red.cuda\src\red.cuda.initial\x64\Debug\main.cu.obj
D:\Work\ELTE\TDK\red.cuda\src\red.cuda.initial\x64\Debug\mt.command.1.tlog
D:\Work\ELTE\TDK\red.cuda\src\red.cuda.initial\x64\Debug\mt.read.1.tlog
D:\Work\ELTE\TDK\red.cuda\src\red.cuda.initial\x64\Debug\mt.write.1.tlog
D:\WORK\ELTE\TDK\RED.CUDA\SRC\RED.CUDA.INITIAL\X64\DEBUG\NEBULA.OBJ
D:\WORK\ELTE\TDK\RED.CUDA\SRC\RED.CUDA.INITIAL\X64\DEBUG\RED.CUDA.INITIAL.EXE.INTERMEDIATE.MANIFEST
D:\Work\ELTE\TDK\red.cuda\src\red.cuda.initial\x64\Debug\red.cuda.initial.write.1.tlog
D:\WORK\ELTE\TDK\RED.CUDA\SRC\RED.CUDA.INITIAL\X64\DEBUG\UTIL_INIT.OBJ
D:\Work\ELTE\TDK\red.cuda\src\red.cuda.initial\x64\Debug\vc100.idb
D:\WORK\ELTE\TDK\RED.CUDA\SRC\RED.CUDA.INITIAL\X64\DEBUG\VC100.PDB
D:\WORK\ELTE\TDK\RED.CUDA\X64\DEBUG\RED.CUDA.INITIAL.EXE
D:\WORK\ELTE\TDK\RED.CUDA\X64\DEBUG\RED.CUDA.INITIAL.PDB
