C:\WORK\ELTE\TDK\RED.CUDA\SRC\RED.CUDA.UTILITY\X64\DEBUG\FILE_UTIL.OBJ
C:\WORK\ELTE\TDK\RED.CUDA\SRC\RED.CUDA.UTILITY\X64\DEBUG\RED_TEST.OBJ
C:\WORK\ELTE\TDK\RED.CUDA\SRC\RED.CUDA.UTILITY\X64\DEBUG\TOOLS.OBJ
C:\WORK\ELTE\TDK\RED.CUDA\SRC\RED.CUDA.UTILITY\X64\DEBUG\VC100.PDB
C:\WORK\ELTE\TDK\RED.CUDA\X64\DEBUG\REDUTILCU.LIB
D:\Work\ELTE\TDK\red.cuda\src\red.cuda.utility\x64\Debug\cl.command.1.tlog
D:\Work\ELTE\TDK\red.cuda\src\red.cuda.utility\x64\Debug\CL.read.1.tlog
D:\Work\ELTE\TDK\red.cuda\src\red.cuda.utility\x64\Debug\CL.write.1.tlog
D:\WORK\ELTE\TDK\RED.CUDA\SRC\RED.CUDA.UTILITY\X64\DEBUG\FILE_UTIL.OBJ
D:\Work\ELTE\TDK\red.cuda\src\red.cuda.utility\x64\Debug\lib.command.1.tlog
D:\Work\ELTE\TDK\red.cuda\src\red.cuda.utility\x64\Debug\Lib.read.1.tlog
D:\Work\ELTE\TDK\red.cuda\src\red.cuda.utility\x64\Debug\Lib-link.read.1.tlog
D:\Work\ELTE\TDK\red.cuda\src\red.cuda.utility\x64\Debug\Lib-link.write.1.tlog
D:\Work\ELTE\TDK\red.cuda\src\red.cuda.utility\x64\Debug\red.cuda.utility.vcxprojResolveAssemblyReference.cache
D:\Work\ELTE\TDK\red.cuda\src\red.cuda.utility\x64\Debug\red.cuda.utility.write.1.tlog
D:\WORK\ELTE\TDK\RED.CUDA\SRC\RED.CUDA.UTILITY\X64\DEBUG\RED_TEST.OBJ
D:\WORK\ELTE\TDK\RED.CUDA\SRC\RED.CUDA.UTILITY\X64\DEBUG\TOOLS.OBJ
D:\Work\ELTE\TDK\red.cuda\src\red.cuda.utility\x64\Debug\util.cu.cache
D:\Work\ELTE\TDK\red.cuda\src\red.cuda.utility\x64\Debug\util.cu.obj
D:\Work\ELTE\TDK\red.cuda\src\red.cuda.utility\x64\Debug\vc100.idb
D:\WORK\ELTE\TDK\RED.CUDA\SRC\RED.CUDA.UTILITY\X64\DEBUG\VC100.PDB
D:\WORK\ELTE\TDK\RED.CUDA\X64\DEBUG\REDUTILCU.LIB
