Build started 2015.02.13. 10:03:57.
     1>Project "C:\Work\ELTE\TDK\red.cuda\src\red.cuda.utility\red.cuda.utility.vcxproj" on node 2 (build target(s)).
     1>PrepareForBuild:
         Creating directory "C:\Work\ELTE\TDK\red.cuda\Debug\".
       InitializeBuildStatus:
         Creating "Debug\red.cuda.utility.unsuccessfulbuild" because "AlwaysCreate" was specified.
       AddCudaCompileDeps:
         c:\Program Files (x86)\Microsoft Visual Studio 10.0\VC\bin\cl.exe /E /nologo /showIncludes /TP /D__CUDACC__ /DWIN32 /D_DEBUG /D_CONSOLE /D_MBCS /IC:\Work\ELTE\TDK\red.cuda\red.type /I"C:\Program Files\NVIDIA GPU Computing Toolkit\CUDA\v5.5\include" /I"C:\Program Files\NVIDIA GPU Computing Toolkit\CUDA\v5.5\bin" /I"C:\Program Files\NVIDIA GPU Computing Toolkit\CUDA\v5.5\include" /I. /FIcuda_runtime.h /c C:\Work\ELTE\TDK\red.cuda\src\red.cuda.utility\util.cu 
       CudaBuild:
         Compiling CUDA source file util.cu...
         cmd.exe /C "C:\Users\Márton\AppData\Local\Temp\tmpb5de9369bf484250bb1492f9018dee86.cmd"
         "C:\Program Files\NVIDIA GPU Computing Toolkit\CUDA\v5.5\bin\nvcc.exe" -gencode=arch=compute_10,code=\"sm_10,compute_10\" --use-local-env --cl-version 2010 -ccbin "c:\Program Files (x86)\Microsoft Visual Studio 10.0\VC\bin"  -IC:\Work\ELTE\TDK\red.cuda\red.type -I"C:\Program Files\NVIDIA GPU Computing Toolkit\CUDA\v5.5\include" -I"C:\Program Files\NVIDIA GPU Computing Toolkit\CUDA\v5.5\include"  -G   --keep-dir Debug -maxrregcount=0  --machine 32 --compile -cudart static  -g   -DWIN32 -D_DEBUG -D_CONSOLE -D_MBCS -Xcompiler "/EHsc /W3 /nologo /Od /Zi /RTC1 /MDd  " -o Debug\util.cu.obj "C:\Work\ELTE\TDK\red.cuda\src\red.cuda.utility\util.cu"
         
         C:\Work\ELTE\TDK\red.cuda\src\red.cuda.utility>"C:\Program Files\NVIDIA GPU Computing Toolkit\CUDA\v5.5\bin\nvcc.exe" -gencode=arch=compute_10,code=\"sm_10,compute_10\" --use-local-env --cl-version 2010 -ccbin "c:\Program Files (x86)\Microsoft Visual Studio 10.0\VC\bin"  -IC:\Work\ELTE\TDK\red.cuda\red.type -I"C:\Program Files\NVIDIA GPU Computing Toolkit\CUDA\v5.5\include" -I"C:\Program Files\NVIDIA GPU Computing Toolkit\CUDA\v5.5\include"  -G   --keep-dir Debug -maxrregcount=0  --machine 32 --compile -cudart static  -g   -DWIN32 -D_DEBUG -D_CONSOLE -D_MBCS -Xcompiler "/EHsc /W3 /nologo /Od /Zi /RTC1 /MDd  " -o Debug\util.cu.obj "C:\Work\ELTE\TDK\red.cuda\src\red.cuda.utility\util.cu" 
       ClCompile:
         c:\Program Files (x86)\Microsoft Visual Studio 10.0\VC\bin\CL.exe /c /IC:\Work\ELTE\TDK\red.cuda\red.type /I"C:\Program Files\NVIDIA GPU Computing Toolkit\CUDA\v5.5\include" /ZI /nologo /W3 /WX- /Od /Oy- /D WIN32 /D _DEBUG /D _CONSOLE /D _MBCS /Gm /EHsc /RTC1 /MDd /GS /fp:precise /Zc:wchar_t /Zc:forScope /Fo"Debug\\" /Fd"Debug\vc100.pdb" /Gd /TP /analyze- /errorReport:prompt file_util.cpp tools.cpp
         tools.cpp
     1>c:\work\elte\tdk\red.cuda\src\red.cuda.utility\tools.cpp(72): warning C4996: 'localtime': This function or variable may be unsafe. Consider using localtime_s instead. To disable deprecation, use _CRT_SECURE_NO_WARNINGS. See online help for details.
                 c:\program files (x86)\microsoft visual studio 10.0\vc\include\time.inl(112) : see declaration of 'localtime'
         file_util.cpp
     1>c:\work\elte\tdk\red.cuda\src\red.cuda.utility\file_util.cpp(177): warning C4244: '=' : conversion from 'var_t' to 'int32_t', possible loss of data
         Generating Code...
       Lib:
         c:\Program Files (x86)\Microsoft Visual Studio 10.0\VC\bin\Lib.exe /OUT:"C:\Work\ELTE\TDK\red.cuda\Debug\redcudautil2.lib" /NOLOGO Debug\util.cu.obj
         Debug\file_util.obj
         Debug\tools.obj
         red.cuda.utility.vcxproj -> C:\Work\ELTE\TDK\red.cuda\Debug\redcudautil2.lib
       PostBuildEvent:
         echo copy "C:\Program Files\NVIDIA GPU Computing Toolkit\CUDA\v5.5\bin\cudart*.dll" "C:\Work\ELTE\TDK\red.cuda\Debug\"
         copy "C:\Program Files\NVIDIA GPU Computing Toolkit\CUDA\v5.5\bin\cudart*.dll" "C:\Work\ELTE\TDK\red.cuda\Debug\"
         :VCEnd
         copy "C:\Program Files\NVIDIA GPU Computing Toolkit\CUDA\v5.5\bin\cudart*.dll" "C:\Work\ELTE\TDK\red.cuda\Debug\"
         C:\Program Files\NVIDIA GPU Computing Toolkit\CUDA\v5.5\bin\cudart32_55.dll
         C:\Program Files\NVIDIA GPU Computing Toolkit\CUDA\v5.5\bin\cudart64_55.dll
                 2 file(s) copied.
       FinalizeBuildStatus:
         Deleting file "Debug\red.cuda.utility.unsuccessfulbuild".
         Touching "Debug\red.cuda.utility.lastbuildstate".
     1>Done Building Project "C:\Work\ELTE\TDK\red.cuda\src\red.cuda.utility\red.cuda.utility.vcxproj" (build target(s)).

Build succeeded.

Time Elapsed 00:00:11.12
