Build started 2015.02.13. 10:04:08.
     1>Project "C:\Work\ELTE\TDK\red.cuda\src\red.cuda\red.vcxproj" on node 2 (build target(s)).
     1>InitializeBuildStatus:
         Creating "Debug\red.cuda.unsuccessfulbuild" because "AlwaysCreate" was specified.
       AddCudaCompileDeps:
         c:\Program Files (x86)\Microsoft Visual Studio 10.0\VC\bin\cl.exe /E /nologo /showIncludes /TP /D__CUDACC__ /DWIN32 /D_DEBUG /D_CONSOLE /D_MBCS /IC:\Work\ELTE\TDK\red.cuda\red.type /IC:\Work\ELTE\TDK\red.cuda\src\red.cuda.utility /I"C:\Program Files\NVIDIA GPU Computing Toolkit\CUDA\v5.5\include" /I"C:\Program Files\NVIDIA GPU Computing Toolkit\CUDA\v5.5\bin" /I"C:\Program Files\NVIDIA GPU Computing Toolkit\CUDA\v5.5\include" /I. /FIcuda_runtime.h /c C:\Work\ELTE\TDK\red.cuda\src\red.cuda\int_euler.cu 
       AddCudaCompileDeps:
         c:\Program Files (x86)\Microsoft Visual Studio 10.0\VC\bin\cl.exe /E /nologo /showIncludes /TP /D__CUDACC__ /DWIN32 /D_DEBUG /D_CONSOLE /D_MBCS /IC:\Work\ELTE\TDK\red.cuda\red.type /IC:\Work\ELTE\TDK\red.cuda\src\red.cuda.utility /I"C:\Program Files\NVIDIA GPU Computing Toolkit\CUDA\v5.5\include" /I"C:\Program Files\NVIDIA GPU Computing Toolkit\CUDA\v5.5\bin" /I"C:\Program Files\NVIDIA GPU Computing Toolkit\CUDA\v5.5\include" /I. /FIcuda_runtime.h /c C:\Work\ELTE\TDK\red.cuda\src\red.cuda\int_rungekutta2.cu 
       AddCudaCompileDeps:
         c:\Program Files (x86)\Microsoft Visual Studio 10.0\VC\bin\cl.exe /E /nologo /showIncludes /TP /D__CUDACC__ /DWIN32 /D_DEBUG /D_CONSOLE /D_MBCS /IC:\Work\ELTE\TDK\red.cuda\red.type /IC:\Work\ELTE\TDK\red.cuda\src\red.cuda.utility /I"C:\Program Files\NVIDIA GPU Computing Toolkit\CUDA\v5.5\include" /I"C:\Program Files\NVIDIA GPU Computing Toolkit\CUDA\v5.5\bin" /I"C:\Program Files\NVIDIA GPU Computing Toolkit\CUDA\v5.5\include" /I. /FIcuda_runtime.h /c C:\Work\ELTE\TDK\red.cuda\src\red.cuda\int_rungekutta4.cu 
       AddCudaCompileDeps:
         c:\Program Files (x86)\Microsoft Visual Studio 10.0\VC\bin\cl.exe /E /nologo /showIncludes /TP /D__CUDACC__ /DWIN32 /D_DEBUG /D_CONSOLE /D_MBCS /IC:\Work\ELTE\TDK\red.cuda\red.type /IC:\Work\ELTE\TDK\red.cuda\src\red.cuda.utility /I"C:\Program Files\NVIDIA GPU Computing Toolkit\CUDA\v5.5\include" /I"C:\Program Files\NVIDIA GPU Computing Toolkit\CUDA\v5.5\bin" /I"C:\Program Files\NVIDIA GPU Computing Toolkit\CUDA\v5.5\include" /I. /FIcuda_runtime.h /c C:\Work\ELTE\TDK\red.cuda\src\red.cuda\int_rungekutta5.cu 
       AddCudaCompileDeps:
         c:\Program Files (x86)\Microsoft Visual Studio 10.0\VC\bin\cl.exe /E /nologo /showIncludes /TP /D__CUDACC__ /DWIN32 /D_DEBUG /D_CONSOLE /D_MBCS /IC:\Work\ELTE\TDK\red.cuda\red.type /IC:\Work\ELTE\TDK\red.cuda\src\red.cuda.utility /I"C:\Program Files\NVIDIA GPU Computing Toolkit\CUDA\v5.5\include" /I"C:\Program Files\NVIDIA GPU Computing Toolkit\CUDA\v5.5\bin" /I"C:\Program Files\NVIDIA GPU Computing Toolkit\CUDA\v5.5\include" /I. /FIcuda_runtime.h /c C:\Work\ELTE\TDK\red.cuda\src\red.cuda\int_rungekutta8.cu 
       AddCudaCompileDeps:
         c:\Program Files (x86)\Microsoft Visual Studio 10.0\VC\bin\cl.exe /E /nologo /showIncludes /TP /D__CUDACC__ /DWIN32 /D_DEBUG /D_CONSOLE /D_MBCS /IC:\Work\ELTE\TDK\red.cuda\red.type /IC:\Work\ELTE\TDK\red.cuda\src\red.cuda.utility /I"C:\Program Files\NVIDIA GPU Computing Toolkit\CUDA\v5.5\include" /I"C:\Program Files\NVIDIA GPU Computing Toolkit\CUDA\v5.5\bin" /I"C:\Program Files\NVIDIA GPU Computing Toolkit\CUDA\v5.5\include" /I. /FIcuda_runtime.h /c C:\Work\ELTE\TDK\red.cuda\src\red.cuda\main.cu 
       AddCudaCompileDeps:
         c:\Program Files (x86)\Microsoft Visual Studio 10.0\VC\bin\cl.exe /E /nologo /showIncludes /TP /D__CUDACC__ /DWIN32 /D_DEBUG /D_CONSOLE /D_MBCS /IC:\Work\ELTE\TDK\red.cuda\red.type /IC:\Work\ELTE\TDK\red.cuda\src\red.cuda.utility /I"C:\Program Files\NVIDIA GPU Computing Toolkit\CUDA\v5.5\include" /I"C:\Program Files\NVIDIA GPU Computing Toolkit\CUDA\v5.5\bin" /I"C:\Program Files\NVIDIA GPU Computing Toolkit\CUDA\v5.5\include" /I. /FIcuda_runtime.h /c C:\Work\ELTE\TDK\red.cuda\src\red.cuda\pp_disk.cu 
       CudaBuild:
         Compiling CUDA source file int_euler.cu...
         cmd.exe /C "C:\Users\Márton\AppData\Local\Temp\tmpdd24fd2b718d45a1a607f65140c7daf1.cmd"
         "C:\Program Files\NVIDIA GPU Computing Toolkit\CUDA\v5.5\bin\nvcc.exe" -gencode=arch=compute_20,code=\"sm_20,compute_20\" --use-local-env --cl-version 2010 -ccbin "c:\Program Files (x86)\Microsoft Visual Studio 10.0\VC\bin"  -IC:\Work\ELTE\TDK\red.cuda\red.type -IC:\Work\ELTE\TDK\red.cuda\src\red.cuda.utility -I"C:\Program Files\NVIDIA GPU Computing Toolkit\CUDA\v5.5\include" -I"C:\Program Files\NVIDIA GPU Computing Toolkit\CUDA\v5.5\include"  -G   --keep-dir Debug -maxrregcount=0  --machine 32 --compile -cudart static  -g   -DWIN32 -D_DEBUG -D_CONSOLE -D_MBCS -Xcompiler "/EHsc /W3 /nologo /Od /Zi /RTC1 /MDd  " -o Debug\int_euler.cu.obj "C:\Work\ELTE\TDK\red.cuda\src\red.cuda\int_euler.cu"
         
         C:\Work\ELTE\TDK\red.cuda\src\red.cuda>"C:\Program Files\NVIDIA GPU Computing Toolkit\CUDA\v5.5\bin\nvcc.exe" -gencode=arch=compute_20,code=\"sm_20,compute_20\" --use-local-env --cl-version 2010 -ccbin "c:\Program Files (x86)\Microsoft Visual Studio 10.0\VC\bin"  -IC:\Work\ELTE\TDK\red.cuda\red.type -IC:\Work\ELTE\TDK\red.cuda\src\red.cuda.utility -I"C:\Program Files\NVIDIA GPU Computing Toolkit\CUDA\v5.5\include" -I"C:\Program Files\NVIDIA GPU Computing Toolkit\CUDA\v5.5\include"  -G   --keep-dir Debug -maxrregcount=0  --machine 32 --compile -cudart static  -g   -DWIN32 -D_DEBUG -D_CONSOLE -D_MBCS -Xcompiler "/EHsc /W3 /nologo /Od /Zi /RTC1 /MDd  " -o Debug\int_euler.cu.obj "C:\Work\ELTE\TDK\red.cuda\src\red.cuda\int_euler.cu" 
     1>c:\Program Files (x86)\Microsoft Visual Studio 10.0\VC\include\vector(870): error C2719: '_Val': formal parameter with __declspec(align('16')) won't be aligned
                 c:\work\elte\tdk\red.cuda\src\red.cuda\pp_disk.h(170) : see reference to class template instantiation 'std::vector<_Ty>' being compiled
                 with
                 [
                     _Ty=event_data
                 ]
     1>C:\Program Files (x86)\MSBuild\Microsoft.Cpp\v4.0\BuildCustomizations\CUDA 5.5.targets(592,9): error MSB3721: The command ""C:\Program Files\NVIDIA GPU Computing Toolkit\CUDA\v5.5\bin\nvcc.exe" -gencode=arch=compute_20,code=\"sm_20,compute_20\" --use-local-env --cl-version 2010 -ccbin "c:\Program Files (x86)\Microsoft Visual Studio 10.0\VC\bin"  -IC:\Work\ELTE\TDK\red.cuda\red.type -IC:\Work\ELTE\TDK\red.cuda\src\red.cuda.utility -I"C:\Program Files\NVIDIA GPU Computing Toolkit\CUDA\v5.5\include" -I"C:\Program Files\NVIDIA GPU Computing Toolkit\CUDA\v5.5\include"  -G   --keep-dir Debug -maxrregcount=0  --machine 32 --compile -cudart static  -g   -DWIN32 -D_DEBUG -D_CONSOLE -D_MBCS -Xcompiler "/EHsc /W3 /nologo /Od /Zi /RTC1 /MDd  " -o Debug\int_euler.cu.obj "C:\Work\ELTE\TDK\red.cuda\src\red.cuda\int_euler.cu"" exited with code 2.
     1>Done Building Project "C:\Work\ELTE\TDK\red.cuda\src\red.cuda\red.vcxproj" (build target(s)) -- FAILED.

Build FAILED.

Time Elapsed 00:00:32.03
