C:\WORK\ELTE\TDK\RED.CUDA\SRC\RED.CUDA\X64\DEBUG\DUMMY.OBJ
C:\WORK\ELTE\TDK\RED.CUDA\SRC\RED.CUDA\X64\DEBUG\GAS_DISK.OBJ
C:\WORK\ELTE\TDK\RED.CUDA\SRC\RED.CUDA\X64\DEBUG\NBODY_EXCEPTION.OBJ
C:\WORK\ELTE\TDK\RED.CUDA\SRC\RED.CUDA\X64\DEBUG\NUMBER_OF_BODIES.OBJ
C:\WORK\ELTE\TDK\RED.CUDA\SRC\RED.CUDA\X64\DEBUG\OPTIONS.OBJ
C:\WORK\ELTE\TDK\RED.CUDA\SRC\RED.CUDA\X64\DEBUG\PARAMETER.OBJ
C:\WORK\ELTE\TDK\RED.CUDA\SRC\RED.CUDA\X64\DEBUG\RED.CUDA.EXE.INTERMEDIATE.MANIFEST
C:\WORK\ELTE\TDK\RED.CUDA\SRC\RED.CUDA\X64\DEBUG\TOKENIZER.OBJ
C:\WORK\ELTE\TDK\RED.CUDA\SRC\RED.CUDA\X64\DEBUG\VC100.PDB
C:\WORK\ELTE\TDK\RED.CUDA\X64\DEBUG\RED.CUDA.EXE
C:\WORK\ELTE\TDK\RED.CUDA\X64\DEBUG\RED.CUDA.PDB
D:\Work\ELTE\TDK\red.cuda\src\red.cuda\x64\Debug\cl.command.1.tlog
D:\Work\ELTE\TDK\red.cuda\src\red.cuda\x64\Debug\CL.read.1.tlog
D:\Work\ELTE\TDK\red.cuda\src\red.cuda\x64\Debug\CL.write.1.tlog
D:\WORK\ELTE\TDK\RED.CUDA\SRC\RED.CUDA\X64\DEBUG\DUMMY.OBJ
D:\WORK\ELTE\TDK\RED.CUDA\SRC\RED.CUDA\X64\DEBUG\GAS_DISK.OBJ
D:\Work\ELTE\TDK\red.cuda\src\red.cuda\x64\Debug\int_euler.cu.cache
D:\Work\ELTE\TDK\red.cuda\src\red.cuda\x64\Debug\int_euler.cu.obj
D:\Work\ELTE\TDK\red.cuda\src\red.cuda\x64\Debug\int_rungekutta2.cu.cache
D:\Work\ELTE\TDK\red.cuda\src\red.cuda\x64\Debug\int_rungekutta2.cu.obj
D:\Work\ELTE\TDK\red.cuda\src\red.cuda\x64\Debug\int_rungekutta4.cu.cache
D:\Work\ELTE\TDK\red.cuda\src\red.cuda\x64\Debug\int_rungekutta4.cu.obj
D:\Work\ELTE\TDK\red.cuda\src\red.cuda\x64\Debug\int_rungekutta5.cu.cache
D:\Work\ELTE\TDK\red.cuda\src\red.cuda\x64\Debug\int_rungekutta8.cu.cache
D:\Work\ELTE\TDK\red.cuda\src\red.cuda\x64\Debug\int_rungekutta8.cu.obj
D:\Work\ELTE\TDK\red.cuda\src\red.cuda\x64\Debug\integrator.cu.cache
D:\Work\ELTE\TDK\red.cuda\src\red.cuda\x64\Debug\integrator.cu.obj
D:\Work\ELTE\TDK\red.cuda\src\red.cuda\x64\Debug\link.command.1.tlog
D:\Work\ELTE\TDK\red.cuda\src\red.cuda\x64\Debug\link.read.1.tlog
D:\Work\ELTE\TDK\red.cuda\src\red.cuda\x64\Debug\link.write.1.tlog
D:\Work\ELTE\TDK\red.cuda\src\red.cuda\x64\Debug\main.cu.cache
D:\Work\ELTE\TDK\red.cuda\src\red.cuda\x64\Debug\main.cu.obj
D:\Work\ELTE\TDK\red.cuda\src\red.cuda\x64\Debug\mt.command.1.tlog
D:\Work\ELTE\TDK\red.cuda\src\red.cuda\x64\Debug\mt.read.1.tlog
D:\Work\ELTE\TDK\red.cuda\src\red.cuda\x64\Debug\mt.write.1.tlog
D:\WORK\ELTE\TDK\RED.CUDA\SRC\RED.CUDA\X64\DEBUG\NBODY_EXCEPTION.OBJ
D:\WORK\ELTE\TDK\RED.CUDA\SRC\RED.CUDA\X64\DEBUG\NUMBER_OF_BODIES.OBJ
D:\WORK\ELTE\TDK\RED.CUDA\SRC\RED.CUDA\X64\DEBUG\OPTIONS.OBJ
D:\WORK\ELTE\TDK\RED.CUDA\SRC\RED.CUDA\X64\DEBUG\PARAMETER.OBJ
D:\Work\ELTE\TDK\red.cuda\src\red.cuda\x64\Debug\pp_disk.cu.cache
D:\Work\ELTE\TDK\red.cuda\src\red.cuda\x64\Debug\pp_disk.cu.obj
D:\WORK\ELTE\TDK\RED.CUDA\SRC\RED.CUDA\X64\DEBUG\RED.CUDA.EXE.INTERMEDIATE.MANIFEST
D:\Work\ELTE\TDK\red.cuda\src\red.cuda\x64\Debug\red.cuda.write.1.tlog
D:\Work\ELTE\TDK\red.cuda\src\red.cuda\x64\Debug\red.vcxprojResolveAssemblyReference.cache
D:\WORK\ELTE\TDK\RED.CUDA\SRC\RED.CUDA\X64\DEBUG\TOKENIZER.OBJ
D:\Work\ELTE\TDK\red.cuda\src\red.cuda\x64\Debug\vc100.idb
D:\WORK\ELTE\TDK\RED.CUDA\SRC\RED.CUDA\X64\DEBUG\VC100.PDB
D:\WORK\ELTE\TDK\RED.CUDA\X64\DEBUG\RED.CUDA.EXE
D:\WORK\ELTE\TDK\RED.CUDA\X64\DEBUG\RED.CUDA.PDB
